<?xml version="1.0" encoding="UTF-8"?>
<testng-results skipped="0" failed="0" total="1" passed="1">
  <reporter-output>
  </reporter-output>
  <suite name="Suite" duration-ms="4850" started-at="2017-03-21T04:42:53Z" finished-at="2017-03-21T04:42:57Z">
    <groups>
    </groups>
    <test name="Test" duration-ms="4850" started-at="2017-03-21T04:42:53Z" finished-at="2017-03-21T04:42:57Z">
      <class name="com.codebind.AppTest">
        <test-method status="PASS" signature="test()[pri:0, instance:com.codebind.AppTest@cb5822]" name="test" duration-ms="4831" started-at="2017-03-21T10:12:53Z" finished-at="2017-03-21T10:12:57Z">
          <reporter-output>
          </reporter-output>
        </test-method> <!-- test -->
      </class> <!-- com.codebind.AppTest -->
    </test> <!-- Test -->
  </suite> <!-- Suite -->
</testng-results>
